<?xml version="1.0" encoding="UTF-8"?>
<testsuites name="Mocha Tests" time="0.003" tests="9" failures="5">
  <testsuite name="Root Suite" timestamp="2023-10-23T09:58:59" tests="0" time="0.000" failures="0">
  </testsuite>
  <testsuite name="add" timestamp="2023-10-23T09:58:59" tests="4" file="/Users/michaelfuby/Library/Mobile Documents/com~apple~CloudDocs/Documents/FH/5 Semester/Software Deployment/Übung/Software-Deployment/Lab2/app/test/tests.js" time="0.001" failures="0">
    <testcase name="add should return 10 when adding 6 and 4" time="0.001" classname="should return 10 when adding 6 and 4">
    </testcase>
    <testcase name="add should return -5 when adding 0 and -5" time="0.000" classname="should return -5 when adding 0 and -5">
    </testcase>
    <testcase name="add should return 0 when adding 0 and 0" time="0.000" classname="should return 0 when adding 0 and 0">
    </testcase>
    <testcase name="add should return 20 when adding 10 and 10" time="0.000" classname="should return 20 when adding 10 and 10">
    </testcase>
  </testsuite>
  <testsuite name="isNumberEven" timestamp="2023-10-23T09:58:59" tests="5" file="/Users/michaelfuby/Library/Mobile Documents/com~apple~CloudDocs/Documents/FH/5 Semester/Software Deployment/Übung/Software-Deployment/Lab2/app/test/tests.js" time="0.002" failures="5">
    <testcase name="isNumberEven should return true for an even number" time="0.000" classname="should return true for an even number">
      <failure message="isNumberEven is not defined" type="ReferenceError"><![CDATA[ReferenceError: isNumberEven is not defined
    at Context.<anonymous> (test/tests.js:26:12)
    at processImmediate (node:internal/timers:466:21)]]></failure>
    </testcase>
    <testcase name="isNumberEven should return false for an odd number" time="0.000" classname="should return false for an odd number">
      <failure message="isNumberEven is not defined" type="ReferenceError"><![CDATA[ReferenceError: isNumberEven is not defined
    at Context.<anonymous> (test/tests.js:30:12)
    at processImmediate (node:internal/timers:466:21)]]></failure>
    </testcase>
    <testcase name="isNumberEven should return true for zero" time="0.000" classname="should return true for zero">
      <failure message="isNumberEven is not defined" type="ReferenceError"><![CDATA[ReferenceError: isNumberEven is not defined
    at Context.<anonymous> (test/tests.js:34:12)
    at processImmediate (node:internal/timers:466:21)]]></failure>
    </testcase>
    <testcase name="isNumberEven should return true for a negative even number" time="0.000" classname="should return true for a negative even number">
      <failure message="isNumberEven is not defined" type="ReferenceError"><![CDATA[ReferenceError: isNumberEven is not defined
    at Context.<anonymous> (test/tests.js:38:12)
    at processImmediate (node:internal/timers:466:21)]]></failure>
    </testcase>
    <testcase name="isNumberEven should return false for a negative odd number" time="0.000" classname="should return false for a negative odd number">
      <failure message="isNumberEven is not defined" type="ReferenceError"><![CDATA[ReferenceError: isNumberEven is not defined
    at Context.<anonymous> (test/tests.js:42:12)
    at processImmediate (node:internal/timers:466:21)]]></failure>
    </testcase>
  </testsuite>
</testsuites>